mode: set
github.com/echlebek/erickson/server/server.go:30.107,31.54 1 1
github.com/echlebek/erickson/server/server.go:37.2,37.28 1 1
github.com/echlebek/erickson/server/server.go:31.54,36.3 4 1
github.com/echlebek/erickson/server/server.go:40.64,71.2 12 1
github.com/echlebek/erickson/server/server.go:73.43,75.16 2 1
github.com/echlebek/erickson/server/server.go:78.2,79.8 2 1
github.com/echlebek/erickson/server/server.go:75.16,77.3 1 0
github.com/echlebek/erickson/server/server.go:82.61,86.16 4 0
github.com/echlebek/erickson/server/server.go:89.2,90.8 2 0
github.com/echlebek/erickson/server/server.go:86.16,88.3 1 0
github.com/echlebek/erickson/server/util.go:9.62,14.16 3 0
github.com/echlebek/erickson/server/util.go:14.16,16.3 1 0
github.com/echlebek/erickson/server/handlers.go:17.66,19.16 2 0
github.com/echlebek/erickson/server/handlers.go:24.2,25.16 2 0
github.com/echlebek/erickson/server/handlers.go:29.2,30.25 2 0
github.com/echlebek/erickson/server/handlers.go:35.2,39.46 3 0
github.com/echlebek/erickson/server/handlers.go:19.16,23.3 3 0
github.com/echlebek/erickson/server/handlers.go:25.16,28.3 2 0
github.com/echlebek/erickson/server/handlers.go:30.25,34.3 3 0
github.com/echlebek/erickson/server/handlers.go:39.46,43.3 3 0
github.com/echlebek/erickson/server/handlers.go:46.71,48.16 2 1
github.com/echlebek/erickson/server/handlers.go:52.2,52.43 1 1
github.com/echlebek/erickson/server/handlers.go:56.2,59.16 3 1
github.com/echlebek/erickson/server/handlers.go:65.2,67.21 2 1
github.com/echlebek/erickson/server/handlers.go:71.2,77.45 2 1
github.com/echlebek/erickson/server/handlers.go:48.16,51.3 2 0
github.com/echlebek/erickson/server/handlers.go:52.43,55.3 2 0
github.com/echlebek/erickson/server/handlers.go:59.16,63.3 3 0
github.com/echlebek/erickson/server/handlers.go:67.21,69.3 1 1
github.com/echlebek/erickson/server/handlers.go:77.45,80.3 2 0
github.com/echlebek/erickson/server/handlers.go:83.72,86.39 3 1
github.com/echlebek/erickson/server/handlers.go:90.2,90.27 1 1
github.com/echlebek/erickson/server/handlers.go:94.2,95.16 2 1
github.com/echlebek/erickson/server/handlers.go:100.2,101.34 2 1
github.com/echlebek/erickson/server/handlers.go:107.2,108.33 2 1
github.com/echlebek/erickson/server/handlers.go:86.39,89.3 2 0
github.com/echlebek/erickson/server/handlers.go:90.27,93.3 2 0
github.com/echlebek/erickson/server/handlers.go:95.16,99.3 3 0
github.com/echlebek/erickson/server/handlers.go:101.34,102.53 1 1
github.com/echlebek/erickson/server/handlers.go:102.53,105.4 2 0
github.com/echlebek/erickson/server/handlers.go:111.74,113.61 2 0
github.com/echlebek/erickson/server/handlers.go:117.2,117.58 1 0
github.com/echlebek/erickson/server/handlers.go:122.2,126.60 3 0
github.com/echlebek/erickson/server/handlers.go:113.61,116.3 2 0
github.com/echlebek/erickson/server/handlers.go:117.58,121.3 3 0
github.com/echlebek/erickson/server/handlers.go:126.60,130.3 3 0
github.com/echlebek/erickson/server/handlers.go:133.75,135.64 2 1
github.com/echlebek/erickson/server/handlers.go:139.2,139.77 1 1
github.com/echlebek/erickson/server/handlers.go:135.64,138.3 2 0
github.com/echlebek/erickson/server/handlers.go:139.77,142.3 2 0
github.com/echlebek/erickson/server/handlers.go:145.74,146.56 1 1
github.com/echlebek/erickson/server/handlers.go:146.56,148.3 1 0
